<?xml version="1.0" encoding="UTF-8"?>
<Site BuildName="(empty)"
	BuildStamp="20250423-1625-Experimental"
	Name="(empty)"
	Generator="ctest-3.21.1"
	CompilerName=""
	CompilerVersion=""
	OSName="Windows"
	Hostname="LAPTOP-V4L9NM1C"
	OSRelease=" Personal"
	OSVersion=" (Build 26100)"
	OSPlatform="AMD64"
	Is64Bits="1"
	VendorString="AuthenticAMD"
	VendorID="Advanced Micro Devices"
	FamilyID="15"
	ModelID="0"
	ProcessorCacheSize="64"
	NumberOfLogicalCPU="16"
	NumberOfPhysicalCPU="8"
	TotalVirtualMemory="34668"
	TotalPhysicalMemory="32620"
	LogicalProcessorsPerPhysical="2"
	ProcessorClockFrequency="3193"
	>
	<Testing>
		<StartDateTime>Apr 24 00:49 ä¸­å½æ åæ¶é´</StartDateTime>
		<StartTestTime>1745426979</StartTestTime>
		<TestList/>
		<EndDateTime>Apr 24 00:49 ä¸­å½æ åæ¶é´</EndDateTime>
		<EndTestTime>1745426979</EndTestTime>
		<ElapsedMinutes>0</ElapsedMinutes>
	</Testing>
</Site>
