<?xml version="1.0" encoding="UTF-8"?>
<Site BuildName="(empty)"
	BuildStamp="20250425-0636-Experimental"
	Name="(empty)"
	Generator="ctest-4.0.1"
	CompilerName=""
	CompilerVersion=""
	OSName="macOS"
	Hostname="JunmingsMacbook.local"
	OSRelease="15.1"
	OSVersion="24B2082"
	OSPlatform="arm64"
	Is64Bits="1"
	VendorString="Apple"
	VendorID="Apple"
	FamilyID="0"
	ModelID="0"
	ModelName="Apple M4 Pro"
	ProcessorCacheSize="131072"
	NumberOfLogicalCPU="12"
	NumberOfPhysicalCPU="12"
	TotalVirtualMemory="0"
	TotalPhysicalMemory="24576"
	LogicalProcessorsPerPhysical="12"
	ProcessorClockFrequency="0"
	>
	<Testing>
		<StartDateTime>Apr 26 01:09 CST</StartDateTime>
		<StartTestTime>1745600975</StartTestTime>
		<TestList/>
		<EndDateTime>Apr 26 01:09 CST</EndDateTime>
		<EndTestTime>1745600975</EndTestTime>
		<ElapsedMinutes>0</ElapsedMinutes>
	</Testing>
</Site>
